This is pdfTeX, Version 3.1415926-2.5-1.40.14 (TeX Live 2013/Debian) (format=pdflatex 2015.12.1)  11 APR 2016 14:06
entering extended mode
 restricted \write18 enabled.
 %&-line parsing enabled.
**apssamp.tex
(./apssamp.tex
LaTeX2e <2011/06/27>
Babel <3.9h> and hyphenation patterns for 4 languages loaded.
(/usr/share/texlive/texmf-dist/tex/latex/revtex/revtex4-1.cls
Document Class: revtex4-1 2010/07/25/20:33:00 4.1r (http://publish.aps.org/revt
ex4/ for documentation)
 Copyright (c) 2009 The American Physical Society.
 mailto:revtex@aps.org
 Licensed under the LPPL:
http://www.ctan.org/tex-archive/macros/latex/base/lppl.txt
 Arthur Ogawa <arthur_ogawa at sbcglobal dot net>
 Based on work by David Carlisle <david at dcarlisle.demon.co.uk>.
ltxutil[2010/07/25/20:33:00 4.1r utilities package (portions licensed from W. E
. Baxter web at superscript.com)]
LaTeX Info: Redefining \@centercr on input line 308.
Class revtex4-1 Info: Repairing broken LaTeX eqnarray on input line 358.
\eqncolsep=\skip41
Class revtex4-1 Info: Repairing hyperref-unfriendly LaTeX definition of \mpfoot
note on input line 433.
Class revtex4-1 Info: Repairing broken LateX \@sect on input line 755.
\intertabularlinepenalty=\count79
\@tbpen=\count80
\@arstrutbox@hline=\box26
Class revtex4-1 Info: Repairing broken LaTeX \@xbitor on input line 1786.
Class revtex4-1 Info: Making \typeout \long on input line 2046.
ltxfront[2010/07/25/20:33:00 4.1r frontmatter package (AO,DPC)]
\c@affil=\count81
\c@collab=\count82
\absbox=\box27
ltxgrid[2010/07/25/20:33:00 4.1r page grid package (portions licensed from W. E
. Baxter web at superscript.com)]
\c@linecount=\count83
\output@latex=\toks14
\box@size@1=\box28
\box@size@2=\box29
\@protection@box=\box30
\@topmark@saved=\toks15
\footins@saved=\box31
\footins@recovered=\box32
\column@recovered=\box33
\pagesofar=\box34
\footsofar=\box35
\pagegrid@col=\count84
Class revtex4-1 Info: Overriding \@vspace, \@vspacer, \@no@pgbk, \@newline, and
 \\  on input line 5578.
\c@part=\count85
\c@section=\count86
\c@subsection=\count87
\c@subsubsection=\count88
\c@paragraph=\count89
\c@subparagraph=\count90
\abovecaptionskip=\skip42
\belowcaptionskip=\skip43
\c@figure=\count91
\fbox@1=\box36
\c@table=\count92
\fbox@2=\box37
\c@video=\count93
\fbox@4=\box38
\@bibdataout=\write3
\widetext@top=\box39
\widetext@bot=\box40
Class revtex4-1 Info: Selecting society aps on input line 7542.
(/usr/share/texlive/texmf-dist/tex/latex/revtex/aps4-1.rtx
File: aps4-1 2010/07/25/20:33:00 4.1r (http://publish.aps.org/revtex4/ for docu
mentation)
Class revtex4-1 Info: RevTeX society APS selected on input line 31.
)

Class revtex4-1 Warning: No journal specified, using default pra.

Class revtex4-1 Info: APS journal PRA selected on input line 7545.
(/usr/share/texlive/texmf-dist/tex/latex/revtex/aps10pt4-1.rtx
File: aps10pt4-1 2010/07/25/20:33:00 4.1r (http://publish.aps.org/revtex4/ for 
documentation)
Class revtex4-1 Info: RevTeX pointsize 10pt selected on input line 30.
)
(/usr/share/texlive/texmf-dist/tex/latex/textcase/textcase.sty
Package: textcase 2004/10/07 v0.07 Text only upper/lower case changing (DPC)
)
(/usr/share/texlive/texmf-dist/tex/latex/amsfonts/amssymb.sty
Package: amssymb 2013/01/14 v3.01 AMS font symbols

(/usr/share/texlive/texmf-dist/tex/latex/amsfonts/amsfonts.sty
Package: amsfonts 2013/01/14 v3.01 Basic AMSFonts support
\@emptytoks=\toks16
\symAMSa=\mathgroup4
\symAMSb=\mathgroup5
LaTeX Font Info:    Overwriting math alphabet `\mathfrak' in version `bold'
(Font)                  U/euf/m/n --> U/euf/b/n on input line 106.
))
(/usr/share/texlive/texmf-dist/tex/latex/amsmath/amsmath.sty
Package: amsmath 2013/01/14 v2.14 AMS math features
\@mathmargin=\skip44

For additional information on amsmath, use the `?' option.
(/usr/share/texlive/texmf-dist/tex/latex/amsmath/amstext.sty
Package: amstext 2000/06/29 v2.01

(/usr/share/texlive/texmf-dist/tex/latex/amsmath/amsgen.sty
File: amsgen.sty 1999/11/30 v2.0
\@emptytoks=\toks17
\ex@=\dimen102
)
LaTeX Info: Redefining \text on input line 39.
)
(/usr/share/texlive/texmf-dist/tex/latex/amsmath/amsbsy.sty
Package: amsbsy 1999/11/29 v1.2d
\pmbraise@=\dimen103
)
(/usr/share/texlive/texmf-dist/tex/latex/amsmath/amsopn.sty
Package: amsopn 1999/12/14 v2.01 operator names
)
\inf@bad=\count94
LaTeX Info: Redefining \frac on input line 210.
\uproot@=\count95
\leftroot@=\count96
LaTeX Info: Redefining \overline on input line 306.
\classnum@=\count97
\DOTSCASE@=\count98
LaTeX Info: Redefining \ldots on input line 378.
LaTeX Info: Redefining \dots on input line 381.
LaTeX Info: Redefining \cdots on input line 466.
\Mathstrutbox@=\box41
\strutbox@=\box42
\big@size=\dimen104
LaTeX Font Info:    Redeclaring font encoding OML on input line 566.
LaTeX Font Info:    Redeclaring font encoding OMS on input line 567.
\macc@depth=\count99
\c@MaxMatrixCols=\count100
\dotsspace@=\muskip10
\c@parentequation=\count101
\dspbrk@lvl=\count102
\tag@help=\toks18
\row@=\count103
\column@=\count104
\maxfields@=\count105
\andhelp@=\toks19
\eqnshift@=\dimen105
\alignsep@=\dimen106
\tagshift@=\dimen107
\tagwidth@=\dimen108
\totwidth@=\dimen109
\lineht@=\dimen110
\@envbody=\toks20
\multlinegap=\skip45
\multlinetaggap=\skip46
\mathdisplay@stack=\toks21
LaTeX Info: Redefining \[ on input line 2665.
LaTeX Info: Redefining \] on input line 2666.
)
(/usr/share/texlive/texmf-dist/tex/latex/url/url.sty
\Urlmuskip=\muskip11
Package: url 2013/09/16  ver 3.4  Verb mode for urls, etc.
)
(/usr/share/texlive/texmf-dist/tex/latex/natbib/natbib.sty
Package: natbib 2010/09/13 8.31b (PWD, AO)
\bibhang=\skip47
\bibsep=\skip48
LaTeX Info: Redefining \cite on input line 694.
\c@NAT@ctr=\count106
)
Class revtex4-1 Info: Repairing natbib's \BibitemShut on input line 7549.

(/usr/share/texlive/texmf-dist/tex/latex/revtex/revsymb4-1.sty
Package: revsymb4-1 2010/07/25/20:33:00 4.1r (http://publish.aps.org/revtex4/ f
or documentation)
LaTeX Info: Redefining \frak on input line 95.
LaTeX Info: Redefining \Bbb on input line 111.
LaTeX Info: Redefining \REV@mathfrak on input line 119.
))
(/usr/share/texlive/texmf-dist/tex/latex/subfig/subfig.sty
Package: subfig 2005/06/28 ver: 1.3 subfig package

(/usr/share/texlive/texmf-dist/tex/latex/graphics/keyval.sty
Package: keyval 1999/03/16 v1.13 key=value parser (DPC)
\KV@toks@=\toks22
)
(/usr/share/texlive/texmf-dist/tex/latex/caption/caption3.sty
Package: caption3 2013/05/02 v1.6-88 caption3 kernel (AR)
Package caption3 Info: TeX engine: e-TeX on input line 57.
\captionmargin=\dimen111
\captionmargin@=\dimen112
\captionwidth=\dimen113
\caption@tempdima=\dimen114
\caption@indent=\dimen115
\caption@parindent=\dimen116
\caption@hangindent=\dimen117
Package caption Info: Unknown document class (or package),
(caption)             standard defaults will be used.
)
\c@KVtest=\count107
\sf@farskip=\skip49
\sf@captopadj=\dimen118
\sf@capskip=\skip50
\sf@nearskip=\skip51
\c@subfigure=\count108
\c@subfigure@save=\count109
\c@lofdepth=\count110
\c@subtable=\count111
\c@subtable@save=\count112
\c@lotdepth=\count113
\sf@top=\skip52
\sf@bottom=\skip53
)
(/usr/share/texlive/texmf-dist/tex/latex/geometry/geometry.sty
Package: geometry 2010/09/12 v5.6 Page Geometry

(/usr/share/texlive/texmf-dist/tex/generic/oberdiek/ifpdf.sty
Package: ifpdf 2011/01/30 v2.3 Provides the ifpdf switch (HO)
Package ifpdf Info: pdfTeX in PDF mode is detected.
)
(/usr/share/texlive/texmf-dist/tex/generic/oberdiek/ifvtex.sty
Package: ifvtex 2010/03/01 v1.5 Detect VTeX and its facilities (HO)
Package ifvtex Info: VTeX not detected.
)
(/usr/share/texlive/texmf-dist/tex/generic/ifxetex/ifxetex.sty
Package: ifxetex 2010/09/12 v0.6 Provides ifxetex conditional
)
\Gm@cnth=\count114
\Gm@cntv=\count115
\c@Gm@tempcnt=\count116
\Gm@bindingoffset=\dimen119
\Gm@wd@mp=\dimen120
\Gm@odd@mp=\dimen121
\Gm@even@mp=\dimen122
\Gm@layoutwidth=\dimen123
\Gm@layoutheight=\dimen124
\Gm@layouthoffset=\dimen125
\Gm@layoutvoffset=\dimen126
\Gm@dimlist=\toks23
)
(/usr/share/texlive/texmf-dist/tex/latex/multirow/multirow.sty
\bigstrutjot=\dimen127
)
(/usr/share/texlive/texmf-dist/tex/latex/graphics/graphicx.sty
Package: graphicx 1999/02/16 v1.0f Enhanced LaTeX Graphics (DPC,SPQR)

(/usr/share/texlive/texmf-dist/tex/latex/graphics/graphics.sty
Package: graphics 2009/02/05 v1.0o Standard LaTeX Graphics (DPC,SPQR)

(/usr/share/texlive/texmf-dist/tex/latex/graphics/trig.sty
Package: trig 1999/03/16 v1.09 sin cos tan (DPC)
)
(/usr/share/texlive/texmf-dist/tex/latex/latexconfig/graphics.cfg
File: graphics.cfg 2010/04/23 v1.9 graphics configuration of TeX Live
)
Package graphics Info: Driver file: pdftex.def on input line 91.

(/usr/share/texlive/texmf-dist/tex/latex/pdftex-def/pdftex.def
File: pdftex.def 2011/05/27 v0.06d Graphics/color for pdfTeX

(/usr/share/texlive/texmf-dist/tex/generic/oberdiek/infwarerr.sty
Package: infwarerr 2010/04/08 v1.3 Providing info/warning/error messages (HO)
)
(/usr/share/texlive/texmf-dist/tex/generic/oberdiek/ltxcmds.sty
Package: ltxcmds 2011/11/09 v1.22 LaTeX kernel commands for general use (HO)
)
\Gread@gobject=\count117
))
\Gin@req@height=\dimen128
\Gin@req@width=\dimen129
)
(/usr/share/texlive/texmf-dist/tex/latex/tools/dcolumn.sty
Package: dcolumn 2001/05/28 v1.06 decimal alignment package (DPC)

(/usr/share/texlive/texmf-dist/tex/latex/tools/array.sty
Package: array 2008/09/09 v2.4c Tabular extension package (FMi)
\col@sep=\dimen130
\extrarowheight=\dimen131
\NC@list=\toks24
\extratabsurround=\skip54
\backup@length=\skip55
))
(/usr/share/texlive/texmf-dist/tex/latex/tools/bm.sty
Package: bm 2004/02/26 v1.1c Bold Symbol Support (DPC/FMi)
\symboldoperators=\mathgroup6
\symboldletters=\mathgroup7
\symboldsymbols=\mathgroup8
LaTeX Font Info:    Redeclaring math alphabet \mathbf on input line 138.
LaTeX Info: Redefining \bm on input line 204.
)
(/usr/share/texlive/texmf-dist/tex/latex/tools/longtable.sty
Package: longtable 2004/02/01 v4.11 Multi-page Table package (DPC)
\LTleft=\skip56
\LTright=\skip57
\LTpre=\skip58
\LTpost=\skip59
\LTchunksize=\count118
\LTcapwidth=\dimen132
\LT@head=\box43
\LT@firsthead=\box44
\LT@foot=\box45
\LT@lastfoot=\box46
\LT@cols=\count119
\LT@rows=\count120
\c@LT@tables=\count121
\c@LT@chunks=\count122
\LT@p@ftn=\toks25
)
(/usr/share/texlive/texmf-dist/tex/latex/tools/afterpage.sty
Package: afterpage 1995/10/27 v1.08 After-Page Package (DPC)
\AP@output=\toks26
\AP@partial=\box47
\AP@footins=\box48
)
(/usr/share/texlive/texmf-dist/tex/latex/tools/tabularx.sty
Package: tabularx 1999/01/07 v2.07 `tabularx' package (DPC)
\TX@col@width=\dimen133
\TX@old@table=\dimen134
\TX@old@col=\dimen135
\TX@target=\dimen136
\TX@delta=\dimen137
\TX@cols=\count123
\TX@ftn=\toks27
)
(/usr/share/texlive/texmf-dist/tex/latex/mhchem/mhchem.sty
Package: mhchem 2014/02/01 v3.15 for typesetting chemical formulae

(/usr/share/texlive/texmf-dist/tex/latex/base/ifthen.sty
Package: ifthen 2001/05/26 v1.1c Standard LaTeX ifthen package (DPC)
)
(/usr/share/texlive/texmf-dist/tex/latex/tools/calc.sty
Package: calc 2007/08/22 v4.3 Infix arithmetic (KKT,FJ)
\calc@Acount=\count124
\calc@Bcount=\count125
\calc@Adimen=\dimen138
\calc@Bdimen=\dimen139
\calc@Askip=\skip60
\calc@Bskip=\skip61
LaTeX Info: Redefining \setlength on input line 76.
LaTeX Info: Redefining \addtolength on input line 77.
\calc@Ccount=\count126
\calc@Cskip=\skip62
)
(/usr/share/texlive/texmf-dist/tex/latex/oberdiek/twoopt.sty
Package: twoopt 2008/08/11 v1.5 Definitions with two optional arguments (HO)
)
(/usr/share/texlive/texmf-dist/tex/generic/oberdiek/pdftexcmds.sty
Package: pdftexcmds 2011/11/29 v0.20 Utility functions of pdfTeX for LuaTeX (HO
)

(/usr/share/texlive/texmf-dist/tex/generic/oberdiek/ifluatex.sty
Package: ifluatex 2010/03/01 v1.3 Provides the ifluatex switch (HO)
Package ifluatex Info: LuaTeX not detected.
)
Package pdftexcmds Info: LuaTeX not detected.
Package pdftexcmds Info: \pdf@primitive is available.
Package pdftexcmds Info: \pdf@ifprimitive is available.
Package pdftexcmds Info: \pdfdraftmode found.
)
(/usr/share/texlive/texmf-dist/tex/latex/l3kernel/expl3.sty
(/usr/share/texlive/texmf-dist/tex/latex/l3kernel/l3names.sty
(/usr/share/texlive/texmf-dist/tex/latex/l3kernel/l3bootstrap.sty
Package: l3bootstrap 2014/01/04 v4640 L3 Experimental bootstrap code
)
Package: l3names 2014/01/04 v4640 L3 Namespace for primitives
)
(/usr/share/texlive/texmf-dist/tex/latex/etex-pkg/etex.sty
Package: etex 1998/03/26 v2.0 eTeX basic definition package (PEB)
\et@xins=\count127
)
Package: expl3 2014/01/07 v4646 L3 Experimental code bundle wrapper

(/usr/share/texlive/texmf-dist/tex/latex/l3kernel/l3basics.sty
Package: l3basics 2014/01/04 v4642 L3 Basic definitions
)
(/usr/share/texlive/texmf-dist/tex/latex/l3kernel/l3expan.sty
Package: l3expan 2014/01/04 v4642 L3 Argument expansion
)
(/usr/share/texlive/texmf-dist/tex/latex/l3kernel/l3tl.sty
Package: l3tl 2013/12/27 v4625 L3 Token lists
)
(/usr/share/texlive/texmf-dist/tex/latex/l3kernel/l3seq.sty
Package: l3seq 2013/12/14 v4623 L3 Sequences and stacks
)
(/usr/share/texlive/texmf-dist/tex/latex/l3kernel/l3int.sty
Package: l3int 2013/08/02 v4583 L3 Integers
\c_max_int=\count128
\l_tmpa_int=\count129
\l_tmpb_int=\count130
\g_tmpa_int=\count131
\g_tmpb_int=\count132
)
(/usr/share/texlive/texmf-dist/tex/latex/l3kernel/l3quark.sty
Package: l3quark 2013/12/14 v4623 L3 Quarks
)
(/usr/share/texlive/texmf-dist/tex/latex/l3kernel/l3prg.sty
Package: l3prg 2014/01/04 v4642 L3 Control structures
\g__prg_map_int=\count133
)
(/usr/share/texlive/texmf-dist/tex/latex/l3kernel/l3clist.sty
Package: l3clist 2013/07/28 v4581 L3 Comma separated lists
)
(/usr/share/texlive/texmf-dist/tex/latex/l3kernel/l3token.sty
Package: l3token 2013/08/25 v4587 L3 Experimental token manipulation
)
(/usr/share/texlive/texmf-dist/tex/latex/l3kernel/l3prop.sty
Package: l3prop 2013/12/14 v4623 L3 Property lists
)
(/usr/share/texlive/texmf-dist/tex/latex/l3kernel/l3msg.sty
Package: l3msg 2013/07/28 v4581 L3 Messages
)
(/usr/share/texlive/texmf-dist/tex/latex/l3kernel/l3file.sty
Package: l3file 2013/10/13 v4596 L3 File and I/O operations
\l_iow_line_count_int=\count134
\l__iow_target_count_int=\count135
\l__iow_current_line_int=\count136
\l__iow_current_word_int=\count137
\l__iow_current_indentation_int=\count138
)
(/usr/share/texlive/texmf-dist/tex/latex/l3kernel/l3skip.sty
Package: l3skip 2013/07/28 v4581 L3 Dimensions and skips
\c_zero_dim=\dimen140
\c_max_dim=\dimen141
\l_tmpa_dim=\dimen142
\l_tmpb_dim=\dimen143
\g_tmpa_dim=\dimen144
\g_tmpb_dim=\dimen145
\c_zero_skip=\skip63
\c_max_skip=\skip64
\l_tmpa_skip=\skip65
\l_tmpb_skip=\skip66
\g_tmpa_skip=\skip67
\g_tmpb_skip=\skip68
\c_zero_muskip=\muskip12
\c_max_muskip=\muskip13
\l_tmpa_muskip=\muskip14
\l_tmpb_muskip=\muskip15
\g_tmpa_muskip=\muskip16
\g_tmpb_muskip=\muskip17
)
(/usr/share/texlive/texmf-dist/tex/latex/l3kernel/l3keys.sty
Package: l3keys 2013/12/08 v4614 L3 Experimental key-value interfaces
\g__keyval_level_int=\count139
\l_keys_choice_int=\count140
)
(/usr/share/texlive/texmf-dist/tex/latex/l3kernel/l3fp.sty
Package: l3fp 2014/01/04 v4642 L3 Floating points
\c__fp_leading_shift_int=\count141
\c__fp_middle_shift_int=\count142
\c__fp_trailing_shift_int=\count143
\c__fp_big_leading_shift_int=\count144
\c__fp_big_middle_shift_int=\count145
\c__fp_big_trailing_shift_int=\count146
\c__fp_Bigg_leading_shift_int=\count147
\c__fp_Bigg_middle_shift_int=\count148
\c__fp_Bigg_trailing_shift_int=\count149
)
(/usr/share/texlive/texmf-dist/tex/latex/l3kernel/l3box.sty
Package: l3box 2013/07/28 v4581 L3 Experimental boxes
\c_empty_box=\box49
\l_tmpa_box=\box50
\l_tmpb_box=\box51
\g_tmpa_box=\box52
\g_tmpb_box=\box53
)
(/usr/share/texlive/texmf-dist/tex/latex/l3kernel/l3coffins.sty
Package: l3coffins 2013/12/14 v4624 L3 Coffin code layer
\l__coffin_internal_box=\box54
\l__coffin_internal_dim=\dimen146
\l__coffin_offset_x_dim=\dimen147
\l__coffin_offset_y_dim=\dimen148
\l__coffin_x_dim=\dimen149
\l__coffin_y_dim=\dimen150
\l__coffin_x_prime_dim=\dimen151
\l__coffin_y_prime_dim=\dimen152
\c_empty_coffin=\box55
\l__coffin_aligned_coffin=\box56
\l__coffin_aligned_internal_coffin=\box57
\l_tmpa_coffin=\box58
\l_tmpb_coffin=\box59
\l__coffin_display_coffin=\box60
\l__coffin_display_coord_coffin=\box61
\l__coffin_display_pole_coffin=\box62
\l__coffin_display_offset_dim=\dimen153
\l__coffin_display_x_dim=\dimen154
\l__coffin_display_y_dim=\dimen155
)
(/usr/share/texlive/texmf-dist/tex/latex/l3kernel/l3color.sty
Package: l3color 2012/08/29 v4156 L3 Experimental color support
)
(/usr/share/texlive/texmf-dist/tex/latex/l3kernel/l3luatex.sty
Package: l3luatex 2013/07/28 v4581 L3 Experimental LuaTeX-specific functions
\g__cctab_allocate_int=\count150
\g__cctab_stack_int=\count151
)
(/usr/share/texlive/texmf-dist/tex/latex/l3kernel/l3candidates.sty
Package: l3candidates 2014/01/06 v4643 L3 Experimental additions to l3kernel
\l__box_top_dim=\dimen156
\l__box_bottom_dim=\dimen157
\l__box_left_dim=\dimen158
\l__box_right_dim=\dimen159
\l__box_top_new_dim=\dimen160
\l__box_bottom_new_dim=\dimen161
\l__box_left_new_dim=\dimen162
\l__box_right_new_dim=\dimen163
\l__box_internal_box=\box63
\l__coffin_bounding_shift_dim=\dimen164
\l__coffin_left_corner_dim=\dimen165
\l__coffin_right_corner_dim=\dimen166
\l__coffin_bottom_corner_dim=\dimen167
\l__coffin_top_corner_dim=\dimen168
\l__coffin_scaled_total_height_dim=\dimen169
\l__coffin_scaled_width_dim=\dimen170
))
\mhchem@ce@result=\toks28
\mhchem@ce@part=\toks29
\mhchem@arrow@deployType=\toks30
\mhchem@arrow@params=\toks31
\mhchem@arrowlength@pgf=\skip69
\mhchem@bondwidth=\skip70
\mhchem@bondheight=\skip71
\mhchem@smallbondwidth@tmpA=\skip72
\mhchem@smallbondwidth@tmpB=\skip73
\mhchem@smallbondwidth=\skip74
\__mhchem_option_version_int=\count152
\mhchem@prepostscript@tmp@i=\skip75
\mhchem@prepostscript@tmp@ii=\skip76
\mhchem@mathbox@tmp@i=\skip77
\mhchem@mathbox@tmp@ii=\skip78
\mhchem@minispace@tmp=\skip79
\mhchem@option@minussidebearingleft=\skip80
\mhchem@option@minussidebearingright=\skip81
)
(/usr/share/texlive/texmf-dist/tex/latex/SIunits/SIunits.sty
Package: SIunits 2007/12/02 v1.36 Support for the International System of units
 (MH)


\@qskwidth=\skip82
\symgreek=\mathgroup9
(/usr/share/texlive/texmf-dist/tex/latex/SIunits/SIunits.cfg)
Option `amssymb' provided!
)
Class revtex4-1 Info: Patching array package. on input line 70.
Class revtex4-1 Info: Patching longtable package on input line 70.
Class revtex4-1 Info: Robustifying \LaTeX's \boldmath command on input line 70.

Class revtex4-1 Info: cite was not loaded (OK!) on input line 70.
Class revtex4-1 Info: mcite was not loaded (OK!) on input line 70.
Class revtex4-1 Info: multicol was not loaded (OK!) on input line 70.
 (./apssamp.aux

LaTeX Warning: Label `eq:vfedecomp' multiply defined.


LaTeX Warning: Label `sec:conclusion' multiply defined.

)
\openout1 = `apssamp.aux'.

LaTeX Font Info:    Checking defaults for OML/cmm/m/it on input line 70.
LaTeX Font Info:    ... okay on input line 70.
LaTeX Font Info:    Checking defaults for T1/cmr/m/n on input line 70.
LaTeX Font Info:    ... okay on input line 70.
LaTeX Font Info:    Checking defaults for OT1/cmr/m/n on input line 70.
LaTeX Font Info:    ... okay on input line 70.
LaTeX Font Info:    Checking defaults for OMS/cmsy/m/n on input line 70.
LaTeX Font Info:    ... okay on input line 70.
LaTeX Font Info:    Checking defaults for OMX/cmex/m/n on input line 70.
LaTeX Font Info:    ... okay on input line 70.
LaTeX Font Info:    Checking defaults for U/cmr/m/n on input line 70.
LaTeX Font Info:    ... okay on input line 70.
LaTeX Font Info:    Checking defaults for TS1/cmr/m/n on input line 70.
LaTeX Font Info:    Try loading font information for TS1+cmr on input line 70.
 (/usr/share/texlive/texmf-dist/tex/latex/base/ts1cmr.fd
File: ts1cmr.fd 1999/05/25 v2.5h Standard LaTeX font definitions
)
LaTeX Font Info:    ... okay on input line 70.
Package caption Info: Begin \AtBeginDocument code.
Package caption Info: subfig package v1.3 is loaded.
Package caption Info: End \AtBeginDocument code.

*geometry* driver: auto-detecting
*geometry* detected driver: pdftex
*geometry* verbose mode - [ preamble ] result:
* pass: disregarded the geometry package!
* \paperwidth=614.295pt
* \paperheight=794.96999pt
* \textwidth=510.0pt
* \textheight=672.0pt
* \oddsidemargin=-18.06749pt
* \evensidemargin=-18.06749pt
* \topmargin=-61.0pt
* \headheight=25.0pt
* \headsep=16.0pt
* \topskip=10.0pt
* \footskip=30.0pt
* \marginparwidth=30.0pt
* \marginparsep=6.0pt
* \columnsep=18.0pt
* \skip\footins=39.0pt plus 4.0pt minus 12.0pt
* \hoffset=0.0pt
* \voffset=0.0pt
* \mag=1000
* \@twocolumnfalse
* \@twosidefalse
* \@mparswitchfalse
* \@reversemarginfalse
* (1in=72.27pt=25.4mm, 1cm=28.453pt)

(/usr/share/texlive/texmf-dist/tex/context/base/supp-pdf.mkii
[Loading MPS to PDF converter (version 2006.09.02).]
\scratchcounter=\count153
\scratchdimen=\dimen171
\scratchbox=\box64
\nofMPsegments=\count154
\nofMParguments=\count155
\everyMPshowfont=\toks32
\MPscratchCnt=\count156
\MPscratchDim=\dimen172
\MPnumerator=\count157
\makeMPintoPDFobject=\count158
\everyMPtoPDFconversion=\toks33
) (/usr/share/texlive/texmf-dist/tex/latex/oberdiek/epstopdf-base.sty
Package: epstopdf-base 2010/02/09 v2.5 Base part for package epstopdf

(/usr/share/texlive/texmf-dist/tex/latex/oberdiek/grfext.sty
Package: grfext 2010/08/19 v1.1 Manage graphics extensions (HO)

(/usr/share/texlive/texmf-dist/tex/generic/oberdiek/kvdefinekeys.sty
Package: kvdefinekeys 2011/04/07 v1.3 Define keys (HO)
))
(/usr/share/texlive/texmf-dist/tex/latex/oberdiek/kvoptions.sty
Package: kvoptions 2011/06/30 v3.11 Key value format for package options (HO)

(/usr/share/texlive/texmf-dist/tex/generic/oberdiek/kvsetkeys.sty
Package: kvsetkeys 2012/04/25 v1.16 Key value parser (HO)

(/usr/share/texlive/texmf-dist/tex/generic/oberdiek/etexcmds.sty
Package: etexcmds 2011/02/16 v1.5 Avoid name clashes with e-TeX commands (HO)
Package etexcmds Info: Could not find \expanded.
(etexcmds)             That can mean that you are not using pdfTeX 1.50 or
(etexcmds)             that some package has redefined \expanded.
(etexcmds)             In the latter case, load this package earlier.
)))
Package grfext Info: Graphics extension search list:
(grfext)             [.png,.pdf,.jpg,.mps,.jpeg,.jbig2,.jb2,.PNG,.PDF,.JPG,.JPE
G,.JBIG2,.JB2,.eps]
(grfext)             \AppendGraphicsExtensions on input line 452.

(/usr/share/texlive/texmf-dist/tex/latex/latexconfig/epstopdf-sys.cfg
File: epstopdf-sys.cfg 2010/07/13 v1.3 Configuration of (r)epstopdf for TeX Liv
e
))
Option `amssymb' provided! 
 Command \square redefined by SIunits package!

\openout3 = `apssampNotes.bib'.

LaTeX Font Info:    Try loading font information for U+msa on input line 142.
(/usr/share/texlive/texmf-dist/tex/latex/amsfonts/umsa.fd
File: umsa.fd 2013/01/14 v3.01 AMS symbols A
)
LaTeX Font Info:    Try loading font information for U+msb on input line 142.

(/usr/share/texlive/texmf-dist/tex/latex/amsfonts/umsb.fd
File: umsb.fd 2013/01/14 v3.01 AMS symbols B
) [1{/var/lib/texmf/fonts/map/pdftex/updmap/pdftex.map}]
LaTeX Font Info:    Try loading font information for OMS+cmr on input line 223.


(/usr/share/texlive/texmf-dist/tex/latex/base/omscmr.fd
File: omscmr.fd 1999/05/25 v2.5h Standard LaTeX font definitions
)
LaTeX Font Info:    Font shape `OMS/cmr/m/n' in size <10> not available
(Font)              Font shape `OMS/cmsy/m/n' tried instead on input line 223.


! LaTeX Error: File `AlMishinVFEFitting' not found.

See the LaTeX manual or LaTeX Companion for explanation.
Type  H <return>  for immediate help.
 ...                                              
                                                  
l.280 ...[width=0.5\textwidth]{AlMishinVFEFitting}
                                                  % Here is how to import EP...

? 
[2]

LaTeX Warning: A float is stuck (cannot be placed); try class option [floatfix]
 on input line 297.

Package epstopdf Info: Source file: <fcc_vfe_new.eps>
(epstopdf)                    date: 2016-04-11 14:02:18
(epstopdf)                    size: 838906 bytes
(epstopdf)             Output file: <fcc_vfe_new-eps-converted-to.pdf>
(epstopdf)             Command: <repstopdf --outfile=fcc_vfe_new-eps-converted-
to.pdf fcc_vfe_new.eps>
(epstopdf)             \includegraphics on input line 305.
runsystem(repstopdf --outfile=fcc_vfe_new-eps-converted-to.pdf fcc_vfe_new.eps)
...executed safely (allowed).

Package epstopdf Info: Result file: <fcc_vfe_new-eps-converted-to.pdf>
(epstopdf)                    date: 2016-04-11 14:06:43
(epstopdf)                    size: 357275 bytes.
<fcc_vfe_new-eps-converted-to.pdf, id=23, 1589.94pt x 433.62pt>
File: fcc_vfe_new-eps-converted-to.pdf Graphic file (type pdf)

<use fcc_vfe_new-eps-converted-to.pdf>
Package pdftex.def Info: fcc_vfe_new-eps-converted-to.pdf used on input line 30
5.
(pdftex.def)             Requested size: 510.0pt x 139.09206pt.
Package epstopdf Info: Source file: <fcc_vme_new.eps>
(epstopdf)                    date: 2016-04-11 14:02:18
(epstopdf)                    size: 795993 bytes
(epstopdf)             Output file: <fcc_vme_new-eps-converted-to.pdf>
(epstopdf)             Command: <repstopdf --outfile=fcc_vme_new-eps-converted-
to.pdf fcc_vme_new.eps>
(epstopdf)             \includegraphics on input line 307.
runsystem(repstopdf --outfile=fcc_vme_new-eps-converted-to.pdf fcc_vme_new.eps)
...executed safely (allowed).

Package epstopdf Info: Result file: <fcc_vme_new-eps-converted-to.pdf>
(epstopdf)                    date: 2016-04-11 14:06:45
(epstopdf)                    size: 358290 bytes.

<fcc_vme_new-eps-converted-to.pdf, id=25, 1589.94pt x 433.62pt>
File: fcc_vme_new-eps-converted-to.pdf Graphic file (type pdf)

<use fcc_vme_new-eps-converted-to.pdf>
Package pdftex.def Info: fcc_vme_new-eps-converted-to.pdf used on input line 30
7.
(pdftex.def)             Requested size: 510.0pt x 139.09206pt.
Package epstopdf Info: Source file: <hcp_vfe_new.eps>
(epstopdf)                    date: 2016-04-11 14:02:18
(epstopdf)                    size: 1530362 bytes
(epstopdf)             Output file: <hcp_vfe_new-eps-converted-to.pdf>
(epstopdf)             Command: <repstopdf --outfile=hcp_vfe_new-eps-converted-
to.pdf hcp_vfe_new.eps>
(epstopdf)             \includegraphics on input line 309.
runsystem(repstopdf --outfile=hcp_vfe_new-eps-converted-to.pdf hcp_vfe_new.eps)
...executed safely (allowed).

Package epstopdf Info: Result file: <hcp_vfe_new-eps-converted-to.pdf>
(epstopdf)                    date: 2016-04-11 14:06:52
(epstopdf)                    size: 369993 bytes.

<hcp_vfe_new-eps-converted-to.pdf, id=27, 1589.94pt x 433.62pt>
File: hcp_vfe_new-eps-converted-to.pdf Graphic file (type pdf)

<use hcp_vfe_new-eps-converted-to.pdf>
Package pdftex.def Info: hcp_vfe_new-eps-converted-to.pdf used on input line 30
9.
(pdftex.def)             Requested size: 510.0pt x 139.09206pt.
Package epstopdf Info: Source file: <hcp_vme_new.eps>
(epstopdf)                    date: 2016-04-11 14:02:19
(epstopdf)                    size: 791744 bytes
(epstopdf)             Output file: <hcp_vme_new-eps-converted-to.pdf>
(epstopdf)             Command: <repstopdf --outfile=hcp_vme_new-eps-converted-
to.pdf hcp_vme_new.eps>
(epstopdf)             \includegraphics on input line 311.
runsystem(repstopdf --outfile=hcp_vme_new-eps-converted-to.pdf hcp_vme_new.eps)
...executed safely (allowed).

Package epstopdf Info: Result file: <hcp_vme_new-eps-converted-to.pdf>
(epstopdf)                    date: 2016-04-11 14:06:54
(epstopdf)                    size: 356944 bytes.

<hcp_vme_new-eps-converted-to.pdf, id=29, 1589.94pt x 433.62pt>
File: hcp_vme_new-eps-converted-to.pdf Graphic file (type pdf)

<use hcp_vme_new-eps-converted-to.pdf>
Package pdftex.def Info: hcp_vme_new-eps-converted-to.pdf used on input line 31
1.
(pdftex.def)             Requested size: 510.0pt x 139.09206pt.


LaTeX Warning: Float too large for page by 23.86816pt on input line 316.

[3] [4 <./fcc_vfe_new-eps-converted-to.pdf> <./fcc_vme_new-eps-converted-to.pdf
> <./hcp_vfe_new-eps-converted-to.pdf> <./hcp_vme_new-eps-converted-to.pdf>]
Package epstopdf Info: Source file: <vfe_energy_fcc.eps>
(epstopdf)                    date: 2016-04-11 14:02:19
(epstopdf)                    size: 187523 bytes
(epstopdf)             Output file: <vfe_energy_fcc-eps-converted-to.pdf>
(epstopdf)             Command: <repstopdf --outfile=vfe_energy_fcc-eps-convert
ed-to.pdf vfe_energy_fcc.eps>
(epstopdf)             \includegraphics on input line 438.
runsystem(repstopdf --outfile=vfe_energy_fcc-eps-converted-to.pdf vfe_energy_fc
c.eps)...executed safely (allowed).

Package epstopdf Info: Result file: <vfe_energy_fcc-eps-converted-to.pdf>
(epstopdf)                    date: 2016-04-11 14:06:55
(epstopdf)                    size: 102294 bytes.

<vfe_energy_fcc-eps-converted-to.pdf, id=441, 774.895pt x 433.62pt>
File: vfe_energy_fcc-eps-converted-to.pdf Graphic file (type pdf)

<use vfe_energy_fcc-eps-converted-to.pdf>
Package pdftex.def Info: vfe_energy_fcc-eps-converted-to.pdf used on input line
 438.
(pdftex.def)             Requested size: 244.79782pt x 136.98138pt.
Package epstopdf Info: Source file: <vme_energy_fcc.eps>
(epstopdf)                    date: 2016-04-11 14:02:19
(epstopdf)                    size: 170157 bytes
(epstopdf)             Output file: <vme_energy_fcc-eps-converted-to.pdf>
(epstopdf)             Command: <repstopdf --outfile=vme_energy_fcc-eps-convert
ed-to.pdf vme_energy_fcc.eps>
(epstopdf)             \includegraphics on input line 439.
runsystem(repstopdf --outfile=vme_energy_fcc-eps-converted-to.pdf vme_energy_fc
c.eps)...executed safely (allowed).

Package epstopdf Info: Result file: <vme_energy_fcc-eps-converted-to.pdf>
(epstopdf)                    date: 2016-04-11 14:06:56
(epstopdf)                    size: 104590 bytes.

<vme_energy_fcc-eps-converted-to.pdf, id=443, 774.895pt x 433.62pt>
File: vme_energy_fcc-eps-converted-to.pdf Graphic file (type pdf)

<use vme_energy_fcc-eps-converted-to.pdf>
Package pdftex.def Info: vme_energy_fcc-eps-converted-to.pdf used on input line
 439.
(pdftex.def)             Requested size: 244.79782pt x 136.98138pt.
Package epstopdf Info: Source file: <vfe_energy_hcp.eps>
(epstopdf)                    date: 2016-04-11 14:02:19
(epstopdf)                    size: 403056 bytes
(epstopdf)             Output file: <vfe_energy_hcp-eps-converted-to.pdf>
(epstopdf)             Command: <repstopdf --outfile=vfe_energy_hcp-eps-convert
ed-to.pdf vfe_energy_hcp.eps>
(epstopdf)             \includegraphics on input line 442.
runsystem(repstopdf --outfile=vfe_energy_hcp-eps-converted-to.pdf vfe_energy_hc
p.eps)...executed safely (allowed).

Package epstopdf Info: Result file: <vfe_energy_hcp-eps-converted-to.pdf>
(epstopdf)                    date: 2016-04-11 14:06:58
(epstopdf)                    size: 90529 bytes.

<vfe_energy_hcp-eps-converted-to.pdf, id=445, 774.895pt x 433.62pt>
File: vfe_energy_hcp-eps-converted-to.pdf Graphic file (type pdf)

<use vfe_energy_hcp-eps-converted-to.pdf>
Package pdftex.def Info: vfe_energy_hcp-eps-converted-to.pdf used on input line
 442.
(pdftex.def)             Requested size: 244.79782pt x 136.98138pt.
Package epstopdf Info: Source file: <vme_energy_hcp.eps>
(epstopdf)                    date: 2016-04-11 14:02:19
(epstopdf)                    size: 273165 bytes
(epstopdf)             Output file: <vme_energy_hcp-eps-converted-to.pdf>
(epstopdf)             Command: <repstopdf --outfile=vme_energy_hcp-eps-convert
ed-to.pdf vme_energy_hcp.eps>
(epstopdf)             \includegraphics on input line 443.
runsystem(repstopdf --outfile=vme_energy_hcp-eps-converted-to.pdf vme_energy_hc
p.eps)...executed safely (allowed).

Package epstopdf Info: Result file: <vme_energy_hcp-eps-converted-to.pdf>
(epstopdf)                    date: 2016-04-11 14:07:00
(epstopdf)                    size: 89775 bytes.

<vme_energy_hcp-eps-converted-to.pdf, id=447, 774.895pt x 433.62pt>
File: vme_energy_hcp-eps-converted-to.pdf Graphic file (type pdf)

<use vme_energy_hcp-eps-converted-to.pdf>
Package pdftex.def Info: vme_energy_hcp-eps-converted-to.pdf used on input line
 443.
(pdftex.def)             Requested size: 244.79782pt x 136.98138pt.
Package epstopdf Info: Source file: <vfe_bulk_fcc.eps>
(epstopdf)                    date: 2016-04-11 14:02:19
(epstopdf)                    size: 138766 bytes
(epstopdf)             Output file: <vfe_bulk_fcc-eps-converted-to.pdf>
(epstopdf)             Command: <repstopdf --outfile=vfe_bulk_fcc-eps-converted
-to.pdf vfe_bulk_fcc.eps>
(epstopdf)             \includegraphics on input line 446.
runsystem(repstopdf --outfile=vfe_bulk_fcc-eps-converted-to.pdf vfe_bulk_fcc.ep
s)...executed safely (allowed).

Package epstopdf Info: Result file: <vfe_bulk_fcc-eps-converted-to.pdf>
(epstopdf)                    date: 2016-04-11 14:07:01
(epstopdf)                    size: 92344 bytes.

<vfe_bulk_fcc-eps-converted-to.pdf, id=449, 774.895pt x 433.62pt>
File: vfe_bulk_fcc-eps-converted-to.pdf Graphic file (type pdf)

<use vfe_bulk_fcc-eps-converted-to.pdf>
Package pdftex.def Info: vfe_bulk_fcc-eps-converted-to.pdf used on input line 4
46.
(pdftex.def)             Requested size: 244.79782pt x 136.98138pt.
Package epstopdf Info: Source file: <vme_bulk_fcc.eps>
(epstopdf)                    date: 2016-04-11 14:02:19
(epstopdf)                    size: 127096 bytes
(epstopdf)             Output file: <vme_bulk_fcc-eps-converted-to.pdf>
(epstopdf)             Command: <repstopdf --outfile=vme_bulk_fcc-eps-converted
-to.pdf vme_bulk_fcc.eps>
(epstopdf)             \includegraphics on input line 447.
runsystem(repstopdf --outfile=vme_bulk_fcc-eps-converted-to.pdf vme_bulk_fcc.ep
s)...executed safely (allowed).

Package epstopdf Info: Result file: <vme_bulk_fcc-eps-converted-to.pdf>
(epstopdf)                    date: 2016-04-11 14:07:01
(epstopdf)                    size: 83589 bytes.

<vme_bulk_fcc-eps-converted-to.pdf, id=451, 774.895pt x 433.62pt>
File: vme_bulk_fcc-eps-converted-to.pdf Graphic file (type pdf)

<use vme_bulk_fcc-eps-converted-to.pdf>
Package pdftex.def Info: vme_bulk_fcc-eps-converted-to.pdf used on input line 4
47.
(pdftex.def)             Requested size: 244.79782pt x 136.98138pt.
Package epstopdf Info: Source file: <vfe_bulk_hcp.eps>
(epstopdf)                    date: 2016-04-11 14:02:19
(epstopdf)                    size: 198914 bytes
(epstopdf)             Output file: <vfe_bulk_hcp-eps-converted-to.pdf>
(epstopdf)             Command: <repstopdf --outfile=vfe_bulk_hcp-eps-converted
-to.pdf vfe_bulk_hcp.eps>
(epstopdf)             \includegraphics on input line 450.
runsystem(repstopdf --outfile=vfe_bulk_hcp-eps-converted-to.pdf vfe_bulk_hcp.ep
s)...executed safely (allowed).

Package epstopdf Info: Result file: <vfe_bulk_hcp-eps-converted-to.pdf>
(epstopdf)                    date: 2016-04-11 14:07:02
(epstopdf)                    size: 86693 bytes.

<vfe_bulk_hcp-eps-converted-to.pdf, id=453, 774.895pt x 433.62pt>
File: vfe_bulk_hcp-eps-converted-to.pdf Graphic file (type pdf)

<use vfe_bulk_hcp-eps-converted-to.pdf>
Package pdftex.def Info: vfe_bulk_hcp-eps-converted-to.pdf used on input line 4
50.
(pdftex.def)             Requested size: 244.79782pt x 136.98138pt.
Package epstopdf Info: Source file: <vme_bulk_hcp.eps>
(epstopdf)                    date: 2016-04-11 14:02:19
(epstopdf)                    size: 350830 bytes
(epstopdf)             Output file: <vme_bulk_hcp-eps-converted-to.pdf>
(epstopdf)             Command: <repstopdf --outfile=vme_bulk_hcp-eps-converted
-to.pdf vme_bulk_hcp.eps>
(epstopdf)             \includegraphics on input line 451.
runsystem(repstopdf --outfile=vme_bulk_hcp-eps-converted-to.pdf vme_bulk_hcp.ep
s)...executed safely (allowed).

Package epstopdf Info: Result file: <vme_bulk_hcp-eps-converted-to.pdf>
(epstopdf)                    date: 2016-04-11 14:07:04
(epstopdf)                    size: 85839 bytes.

<vme_bulk_hcp-eps-converted-to.pdf, id=455, 774.895pt x 433.62pt>
File: vme_bulk_hcp-eps-converted-to.pdf Graphic file (type pdf)

<use vme_bulk_hcp-eps-converted-to.pdf>
Package pdftex.def Info: vme_bulk_hcp-eps-converted-to.pdf used on input line 4
51.
(pdftex.def)             Requested size: 244.79782pt x 136.98138pt.
 [5] [6 <./vfe_energy_fcc-eps-converted-to.pdf> <./vme_energy_fcc-eps-converted
-to.pdf> <./vfe_energy_hcp-eps-converted-to.pdf> <./vme_energy_hcp-eps-converte
d-to.pdf> <./vfe_bulk_fcc-eps-converted-to.pdf> <./vme_bulk_fcc-eps-converted-t
o.pdf> <./vfe_bulk_hcp-eps-converted-to.pdf> <./vme_bulk_hcp-eps-converted-to.p
df>]

LaTeX Warning: Command \r invalid in math mode on input line 521.


LaTeX Warning: Command \r invalid in math mode on input line 530.

[7] [8] [9] [10] (./apssamp.bbl
Underfull \hbox (badness 1584) in paragraph at lines 91--96
 []\OT1/cmr/m/n/9 ``OpenKIM: Knowl-edge-base of In-ter-atomic Mod-els,''
 []


Underfull \hbox (badness 10000) in paragraph at lines 124--133
 \OT1/cmr/m/n/9 ics,'' $\OT1/cmtt/m/n/9 http : / / pages . physics . cornell . 
edu / []sethna /
 []

[11]
Underfull \hbox (badness 1264) in paragraph at lines 460--464
 []\OT1/cmr/m/n/9 H. Zhou, S. Up-reti, N. A. Cher-nova, G. Hau-tier,
 []

) [12] (./apssamp.aux)

LaTeX Warning: There were multiply-defined labels.

 ) 
Here is how much of TeX's memory you used:
 12127 strings out of 494989
 207345 string characters out of 6180577
 324680 words of memory out of 5000000
 15099 multiletter control sequences out of 15000+600000
 20239 words of font info for 74 fonts, out of 8000000 for 9000
 36 hyphenation exceptions out of 8191
 39i,17n,47p,10371b,393s stack positions out of 5000i,500n,10000p,200000b,80000s
</usr/share/texlive/texmf-dist/fonts/type1/public/amsfonts/cm/cmbx12.pfb></us
r/share/texlive/texmf-dist/fonts/type1/public/amsfonts/cm/cmbx9.pfb></usr/share
/texlive/texmf-dist/fonts/type1/public/amsfonts/cm/cmex10.pfb></usr/share/texli
ve/texmf-dist/fonts/type1/public/amsfonts/cm/cmmi10.pfb></usr/share/texlive/tex
mf-dist/fonts/type1/public/amsfonts/cm/cmmi6.pfb></usr/share/texlive/texmf-dist
/fonts/type1/public/amsfonts/cm/cmmi7.pfb></usr/share/texlive/texmf-dist/fonts/
type1/public/amsfonts/cm/cmmi9.pfb></usr/share/texlive/texmf-dist/fonts/type1/p
ublic/amsfonts/cm/cmr10.pfb></usr/share/texlive/texmf-dist/fonts/type1/public/a
msfonts/cm/cmr6.pfb></usr/share/texlive/texmf-dist/fonts/type1/public/amsfonts/
cm/cmr7.pfb></usr/share/texlive/texmf-dist/fonts/type1/public/amsfonts/cm/cmr8.
pfb></usr/share/texlive/texmf-dist/fonts/type1/public/amsfonts/cm/cmr9.pfb></us
r/share/texlive/texmf-dist/fonts/type1/public/amsfonts/cm/cmsy10.pfb></usr/shar
e/texlive/texmf-dist/fonts/type1/public/amsfonts/cm/cmsy6.pfb></usr/share/texli
ve/texmf-dist/fonts/type1/public/amsfonts/cm/cmsy7.pfb></usr/share/texlive/texm
f-dist/fonts/type1/public/amsfonts/cm/cmti10.pfb></usr/share/texlive/texmf-dist
/fonts/type1/public/amsfonts/cm/cmti9.pfb></usr/share/texlive/texmf-dist/fonts/
type1/public/amsfonts/cm/cmtt10.pfb></usr/share/texlive/texmf-dist/fonts/type1/
public/amsfonts/cm/cmtt9.pfb>
Output written on apssamp.pdf (12 pages, 2469096 bytes).
PDF statistics:
 983 PDF objects out of 1000 (max. 8388607)
 0 named destinations out of 1000 (max. 500000)
 133 words of extra memory for PDF output out of 10000 (max. 10000000)

